Passed PORT: 8080
ThreadPool::Ctor -> creating 8 threads
UDP server Listening on 127.0.0.1:8080
Bytes received: 65
DatabaseCommand::Debug 0 100 helloworld
Query Executed
Bytes received: 53
DatabaseCommand::Debug 1 100 
Query Executed
Bytes received: 61
DatabaseCommand::Debug 0 100 vignesh
Query Executed
Bytes received: 60
DatabaseCommand::Debug 0 200 vignesh
Query Executed
Bytes received: 53
DatabaseCommand::Debug 1 200 
Query Executed
ThreadPool::Dtor -> stopping threads from accepting new tasks
ThreadPool::Dtor -> wait for remaining tasks
ThreadPool::Dtor -> stop the event loop
ThreadPool::Dtor -> join threads
